[2020-03-26 05:05:00 : INFO] - Could not find file for image: ID=179, file=/home/amardeep/public_html/personal/wp-content/uploads/2008/11/u_-i.jpg 
[2020-03-26 05:05:00 : INFO] - Could not find file for image: ID=169, file=/home/amardeep/public_html/personal/wp-content/uploads/2008/11/obama.jpg 
[2020-03-26 05:05:00 : INFO] - Could not find file for image: ID=109, file=/home/amardeep/public_html/personal/wp-content/uploads/2008/06/not-good1.jpg 
[2020-03-26 05:05:00 : INFO] - Could not find file for image: ID=107, file=/home/amardeep/public_html/personal/wp-content/uploads/2008/06/not-good.jpg 
[2020-03-26 05:05:00 : INFO] - Could not find file for image: ID=101, file=/home/amardeep/public_html/personal/wp-content/uploads/2008/05/bus.jpg 
[2020-03-26 05:05:00 : INFO] - Could not find file for image: ID=96, file=/home/amardeep/public_html/personal/wp-content/uploads/2008/04/30mar2008.jpg 
[2020-03-26 05:05:00 : INFO] - Could not find file for image: ID=94, file=/home/amardeep/public_html/personal/wp-content/uploads/2008/04/09mar2008.jpg 
[2020-03-26 05:05:00 : INFO] - Could not find file for image: ID=92, file=/home/amardeep/public_html/personal/wp-content/uploads/2008/04/02mar2008-1.jpg 
[2020-03-26 05:05:00 : INFO] - Could not find file for image: ID=91, file=/home/amardeep/public_html/personal/wp-content/uploads/2008/04/02mar2008-2.jpg 
[2020-03-26 05:05:00 : INFO] - Could not find file for image: ID=86, file=/home/amardeep/public_html/personal/wp-content/uploads/2008/04/24feb2008-1.jpg 
[2020-03-26 05:05:00 : INFO] - Could not find file for image: ID=84, file=/home/amardeep/public_html/personal/wp-content/uploads/2008/04/17feb2008-1.jpg 
[2020-03-26 05:05:00 : INFO] - Could not find file for image: ID=83, file=/home/amardeep/public_html/personal/wp-content/uploads/2008/04/17feb2008-2.jpg 
[2020-03-26 05:05:00 : INFO] - Could not find file for image: ID=81, file=/home/amardeep/public_html/personal/wp-content/uploads/2008/04/10feb2008-1.jpg 
[2020-03-26 05:05:00 : INFO] - Could not find file for image: ID=80, file=/home/amardeep/public_html/personal/wp-content/uploads/2008/04/10feb2008-2.jpg 
[2020-03-26 05:05:00 : INFO] - Could not find file for image: ID=79, file=/home/amardeep/public_html/personal/wp-content/uploads/2008/04/20jan2008-1.jpg 
[2020-03-26 05:05:00 : INFO] - Could not find file for image: ID=78, file=/home/amardeep/public_html/personal/wp-content/uploads/2008/04/20jan2008-2.jpg 
[2020-03-26 05:05:00 : INFO] - Could not find file for image: ID=76, file=/home/amardeep/public_html/personal/wp-content/uploads/2008/03/15oct2007.jpg 
[2020-03-26 05:05:00 : INFO] - Could not find file for image: ID=75, file=/home/amardeep/public_html/personal/wp-content/uploads/2008/03/18nov2007.jpg 
[2020-03-26 05:05:00 : INFO] - Could not find file for image: ID=74, file=/home/amardeep/public_html/personal/wp-content/uploads/2008/03/25nov2007.jpg 
[2020-03-26 05:05:00 : INFO] - Could not find file for image: ID=73, file=/home/amardeep/public_html/personal/wp-content/uploads/2008/03/09dec2007-1.jpg 
[2020-03-26 05:05:00 : INFO] - Could not find file for image: ID=72, file=/home/amardeep/public_html/personal/wp-content/uploads/2008/03/09dec2007-2.jpg 
[2020-03-26 05:05:00 : INFO] - Could not find file for image: ID=69, file=/home/amardeep/public_html/personal/wp-content/uploads/2008/03/16dec2007-1.jpg 
[2020-03-26 05:05:00 : INFO] - Could not find file for image: ID=68, file=/home/amardeep/public_html/personal/wp-content/uploads/2008/03/16dec2007-2.jpg 
[2020-03-26 05:05:00 : INFO] - Could not find file for image: ID=67, file=/home/amardeep/public_html/personal/wp-content/uploads/2008/03/23dec2007-1.jpg 
[2020-03-26 05:05:00 : INFO] - Could not find file for image: ID=66, file=/home/amardeep/public_html/personal/wp-content/uploads/2008/03/23dec2007-2.jpg 
[2020-03-26 05:05:00 : INFO] - Could not find file for image: ID=65, file=/home/amardeep/public_html/personal/wp-content/uploads/2008/03/30dec2007-1.jpg 
[2020-03-26 05:05:00 : INFO] - Could not find file for image: ID=64, file=/home/amardeep/public_html/personal/wp-content/uploads/2008/03/30dec2007-2.jpg 
[2020-03-26 05:05:00 : INFO] - Could not find file for image: ID=63, file=/home/amardeep/public_html/personal/wp-content/uploads/2008/03/06jan2008-1.jpg 
[2020-03-26 05:05:00 : INFO] - Could not find file for image: ID=62, file=/home/amardeep/public_html/personal/wp-content/uploads/2008/03/06jan2008-2.jpg 
[2020-03-26 05:05:00 : INFO] - Could not find file for image: ID=61, file=/home/amardeep/public_html/personal/wp-content/uploads/2008/03/13jan2008-1.jpg 
[2020-03-26 05:05:00 : INFO] - Could not find file for image: ID=60, file=/home/amardeep/public_html/personal/wp-content/uploads/2008/03/13jan2008-2.jpg 
[2020-03-26 05:05:00 : INFO] - Could not find file for image: ID=51, file=/home/amardeep/public_html/personal/wp-content/uploads/2008/03/save_light.jpg 
[2020-03-26 05:05:00 : INFO] - Could not find file for image: ID=49, file=/home/amardeep/public_html/personal/wp-content/uploads/2008/02/13102007897.jpg 
[2020-03-26 05:05:00 : INFO] - Could not find file for image: ID=48, file=/home/amardeep/public_html/personal/wp-content/uploads/2008/02/15072007791.jpg 
[2020-03-26 05:05:00 : INFO] - Could not find file for image: ID=47, file=/home/amardeep/public_html/personal/wp-content/uploads/2008/02/bhagat.jpg 
[2020-03-26 05:05:00 : INFO] - Could not find file for image: ID=46, file=/home/amardeep/public_html/personal/wp-content/uploads/2008/02/5.jpg 
[2020-03-26 05:05:00 : INFO] - Could not find file for image: ID=45, file=/home/amardeep/public_html/personal/wp-content/uploads/2008/02/4.jpg 
[2020-03-26 05:05:00 : INFO] - Could not find file for image: ID=44, file=/home/amardeep/public_html/personal/wp-content/uploads/2008/02/3.jpg 
[2020-03-26 05:05:00 : INFO] - Could not find file for image: ID=43, file=/home/amardeep/public_html/personal/wp-content/uploads/2008/02/2.jpg 
[2020-03-26 05:05:00 : INFO] - Could not find file for image: ID=42, file=/home/amardeep/public_html/personal/wp-content/uploads/2008/02/1.jpg 
[2020-03-26 05:05:00 : INFO] - Could not find file for image: ID=41, file=/home/amardeep/public_html/personal/wp-content/uploads/2008/02/man.jpg 
[2020-03-29 12:39:32 : INFO] - Re_Smush_It_Task with attachment ID : 1481, autocreated on : March 29, 2020 12:39:32 
[2020-03-29 12:44:33 : INFO] - 
 
[2020-03-29 12:44:33 : INFO] - Header for logs at time:  Sun, 29 Mar 2020 12:44:33 +0000 on http://amardeepsidhu.com/personal 
[2020-03-29 12:44:33 : INFO] - WP: 5.3.2 
[2020-03-29 12:44:33 : INFO] - PHP: 7.2.26 (litespeed, Linux sg-nme-web251.main-hosting.eu 3.10.0-962.3.2.lve1.5.26.5.el7.x86_64 #1 SMP Wed Sep 18 07:37:02 EDT 2019 x86_64) 
[2020-03-29 12:44:33 : INFO] - MySQL: 5.5.5 
[2020-03-29 12:44:33 : INFO] - WPLANG: en_US 
[2020-03-29 12:44:33 : INFO] - Server: LiteSpeed 
[2020-03-29 12:44:33 : INFO] - Outbound connections: N 
[2020-03-29 12:44:33 : INFO] - safe_mode: 0 
[2020-03-29 12:44:33 : INFO] - max_execution_time: 120 
[2020-03-29 12:44:33 : INFO] - memory_limit: 256M (used: 6.8M | 8M) 
[2020-03-29 12:44:33 : INFO] - multisite: N 
[2020-03-29 12:44:33 : INFO] - openssl: OpenSSL 1.0.2k  26 Jan 2017 
[2020-03-29 12:44:33 : INFO] - A total of 1 tasks of type smush found and will be processed in this iteration 
[2020-03-29 12:44:33 : INFO] - Set semaphore last lock (smush) time to 2020-03-29 12:44:33 
[2020-03-29 12:44:33 : INFO] - Semaphore lock (smush) complete 
[2020-03-29 12:44:33 : INFO] - Processing task with ID : 1, and type 'smush' 
[2020-03-29 12:44:33 : INFO] - Re_Smush_It_Task with attachment ID : 1481, autocreated on : March 29, 2020 12:39:32 
[2020-03-29 12:44:33 : INFO] - 95 
[2020-03-29 12:44:38 : INFO] - Backing up the original image - 2020/03/20200327_190419-scaled-e1585485700993-updraft-pre-smush-original.jpg 
[2020-03-29 12:44:38 : INFO] - Re_Smush_It_Task with attachment ID : 1481, autocreated on : March 29, 2020 12:39:32 
[2020-03-29 12:44:38 : INFO] - 95 
[2020-03-29 12:44:42 : INFO] - Re_Smush_It_Task with attachment ID : 1481, autocreated on : March 29, 2020 12:39:32 
[2020-03-29 12:44:42 : INFO] - 95 
[2020-03-29 12:44:49 : INFO] - Re_Smush_It_Task with attachment ID : 1481, autocreated on : March 29, 2020 12:39:32 
[2020-03-29 12:44:49 : INFO] - 95 
[2020-03-29 12:44:51 : INFO] - Re_Smush_It_Task with attachment ID : 1481, autocreated on : March 29, 2020 12:39:32 
[2020-03-29 12:44:52 : INFO] - 95 
[2020-03-29 12:44:59 : INFO] - Re_Smush_It_Task with attachment ID : 1481, autocreated on : March 29, 2020 12:39:32 
[2020-03-29 12:44:59 : INFO] - 95 
[2020-03-29 12:45:09 : INFO] - Task with ID 1 and type (smush) failed with error code invalid_response - The compression apparently succeeded, but WP-Optimize could not retrieve the compressed image from the remote server. 
[2020-03-29 12:45:09 : INFO] - data: {"src":"http:\/\/par2.static.resmush.it\/d13947b0e7753e5d5df5086a02e1f1aa\/_src_20200327_190419-scaled-e1585485684344-991x1536.jpg","dest":"http:\/\/par2.static.resmush.it\/d13947b0e7753e5d5df5086a02e1f1aa\/20200327_190419-scaled-e1585485684344-991x1536.jpg","src_size":261903,"dest_size":256171,"percent":2,"output":"json","expires":"Sun, 29 Mar 2020 14:50:02 +0200","generator":"reSmush.it rev.2.0.6.20200328"} 
[2020-03-29 12:45:09 : INFO] - Re_Smush_It_Task with attachment ID : 1481, autocreated on : March 29, 2020 12:39:32 
[2020-03-29 12:45:09 : INFO] - 95 
[2020-03-29 12:45:19 : INFO] - Task with ID 1 and type (smush) failed with error code invalid_response - The compression apparently succeeded, but WP-Optimize could not retrieve the compressed image from the remote server. 
[2020-03-29 12:45:19 : INFO] - data: {"src":"http:\/\/par2.static.resmush.it\/367c28214da8ce26df5a88297ecc740b\/_src_20200327_190419-scaled-e1585485684344-1321x2048.jpg","dest":"http:\/\/par2.static.resmush.it\/367c28214da8ce26df5a88297ecc740b\/20200327_190419-scaled-e1585485684344-1321x2048.jpg","src_size":381078,"dest_size":373859,"percent":2,"output":"json","expires":"Sun, 29 Mar 2020 14:50:13 +0200","generator":"reSmush.it rev.2.0.6.20200328"} 
[2020-03-29 12:45:19 : INFO] - Re_Smush_It_Task with attachment ID : 1481, autocreated on : March 29, 2020 12:39:32 
[2020-03-29 12:45:19 : INFO] - 95 
[2020-03-29 12:45:23 : INFO] - Successfully optimized the image - /home/u358015522/domains/amardeepsidhu.com/public_html/personal/wp-content/uploads/2020/03/20200327_190419-scaled-e1585485700993.jpg.The file was compressed from 195.46 KB to 191.46 KB saving 2.04 percent using WP-Optimize 
[2020-03-29 12:45:23 : INFO] - Completed processing task with ID : 1, and type 'smush' 
[2020-03-29 12:45:23 : INFO] - Set semaphore last lock (smush) time to 2020-03-29 12:45:23 
[2020-03-29 12:45:23 : INFO] - Decremented the semaphore (smush) by 1 
[2020-03-29 12:45:23 : INFO] - Semaphore (smush) unlocked 
[2020-03-29 12:45:23 : INFO] - Successfully processed the queue (smush). 1 tasks were processed out of 1. 
[2020-03-29 12:45:23 : INFO] - Semaphore (smush, wp_2options) was successfully cleaned up 
[2020-03-29 12:45:23 : INFO] - Cleaning up tasks of type (smush). A total of 1 tasks will be deleted. 
[2020-03-29 12:50:30 : INFO] - Re_Smush_It_Task with attachment ID : 1483, autocreated on : March 29, 2020 12:50:30 
[2020-03-29 12:54:23 : INFO] - Re_Smush_It_Task with attachment ID : 1484, autocreated on : March 29, 2020 12:54:23 
[2020-03-29 12:54:34 : INFO] - 
 
[2020-03-29 12:54:34 : INFO] - Header for logs at time:  Sun, 29 Mar 2020 12:54:34 +0000 on http://amardeepsidhu.com/personal 
[2020-03-29 12:54:34 : INFO] - WP: 5.3.2 
[2020-03-29 12:54:34 : INFO] - PHP: 7.2.26 (litespeed, Linux sg-nme-web251.main-hosting.eu 3.10.0-962.3.2.lve1.5.26.5.el7.x86_64 #1 SMP Wed Sep 18 07:37:02 EDT 2019 x86_64) 
[2020-03-29 12:54:34 : INFO] - MySQL: 5.5.5 
[2020-03-29 12:54:34 : INFO] - WPLANG: en_US 
[2020-03-29 12:54:34 : INFO] - Server: LiteSpeed 
[2020-03-29 12:54:34 : INFO] - Outbound connections: N 
[2020-03-29 12:54:34 : INFO] - safe_mode: 0 
[2020-03-29 12:54:34 : INFO] - max_execution_time: 120 
[2020-03-29 12:54:34 : INFO] - memory_limit: 256M (used: 6.6M | 4M) 
[2020-03-29 12:54:34 : INFO] - multisite: N 
[2020-03-29 12:54:34 : INFO] - openssl: OpenSSL 1.0.2k  26 Jan 2017 
[2020-03-29 12:54:34 : INFO] - A total of 2 tasks of type smush found and will be processed in this iteration 
[2020-03-29 12:54:34 : INFO] - Set semaphore last lock (smush) time to 2020-03-29 12:54:34 
[2020-03-29 12:54:34 : INFO] - Semaphore lock (smush) complete 
[2020-03-29 12:54:34 : INFO] - Processing task with ID : 2, and type 'smush' 
[2020-03-29 12:54:34 : INFO] - Re_Smush_It_Task with attachment ID : 1483, autocreated on : March 29, 2020 12:50:30 
[2020-03-29 12:54:34 : INFO] - 95 
[2020-03-29 12:54:38 : INFO] - Backing up the original image - 2020/03/IMG_20200327_152009-scaled-e1585486375707-updraft-pre-smush-original.jpg 
[2020-03-29 12:54:38 : INFO] - Re_Smush_It_Task with attachment ID : 1483, autocreated on : March 29, 2020 12:50:30 
[2020-03-29 12:54:38 : INFO] - 95 
[2020-03-29 12:54:40 : INFO] - Re_Smush_It_Task with attachment ID : 1483, autocreated on : March 29, 2020 12:50:30 
[2020-03-29 12:54:40 : INFO] - 95 
[2020-03-29 12:54:44 : INFO] - Re_Smush_It_Task with attachment ID : 1483, autocreated on : March 29, 2020 12:50:30 
[2020-03-29 12:54:44 : INFO] - 95 
[2020-03-29 12:54:46 : INFO] - Re_Smush_It_Task with attachment ID : 1483, autocreated on : March 29, 2020 12:50:30 
[2020-03-29 12:54:46 : INFO] - 95 
[2020-03-29 12:54:48 : INFO] - Re_Smush_It_Task with attachment ID : 1483, autocreated on : March 29, 2020 12:50:30 
[2020-03-29 12:54:48 : INFO] - 95 
[2020-03-29 12:54:55 : INFO] - Re_Smush_It_Task with attachment ID : 1483, autocreated on : March 29, 2020 12:50:30 
[2020-03-29 12:54:55 : INFO] - 95 
[2020-03-29 12:55:04 : INFO] - Task with ID 2 and type (smush) failed with error code invalid_response - The compression apparently succeeded, but WP-Optimize could not retrieve the compressed image from the remote server. 
[2020-03-29 12:55:04 : INFO] - data: {"src":"http:\/\/par2.static.resmush.it\/9a2ebedc912fc2d50858f7782024c0c1\/_src_IMG_20200327_152009-1536x2048.jpg","dest":"http:\/\/par2.static.resmush.it\/9a2ebedc912fc2d50858f7782024c0c1\/IMG_20200327_152009-1536x2048.jpg","src_size":346374,"dest_size":336440,"percent":3,"output":"json","expires":"Sun, 29 Mar 2020 14:59:58 +0200","generator":"reSmush.it rev.2.0.6.20200328"} 
[2020-03-29 12:55:04 : INFO] - Re_Smush_It_Task with attachment ID : 1483, autocreated on : March 29, 2020 12:50:30 
[2020-03-29 12:55:04 : INFO] - 95 
[2020-03-29 12:55:06 : INFO] - Successfully optimized the image - /home/u358015522/domains/amardeepsidhu.com/public_html/personal/wp-content/uploads/2020/03/IMG_20200327_152009-scaled-e1585486375707.jpg.The file was compressed from 62.96 KB to 61.88 KB saving 1.71 percent using WP-Optimize 
[2020-03-29 12:55:06 : INFO] - Completed processing task with ID : 2, and type 'smush' 
[2020-03-29 12:55:06 : INFO] - Set semaphore last lock (smush) time to 2020-03-29 12:55:06 
[2020-03-29 12:55:06 : INFO] - Processing task with ID : 3, and type 'smush' 
[2020-03-29 12:55:06 : INFO] - Re_Smush_It_Task with attachment ID : 1484, autocreated on : March 29, 2020 12:54:23 
[2020-03-29 12:55:06 : INFO] - 95 
[2020-03-29 12:55:17 : INFO] - Task with ID 3 and type (smush) failed with error code invalid_response - The compression apparently succeeded, but WP-Optimize could not retrieve the compressed image from the remote server. 
[2020-03-29 12:55:17 : INFO] - data: {"src":"http:\/\/par2.static.resmush.it\/3130f8b7a3a930753b5b91741ca36d65\/_src_IMG_20200327_152152-scaled.jpg","dest":"http:\/\/par2.static.resmush.it\/3130f8b7a3a930753b5b91741ca36d65\/IMG_20200327_152152-scaled.jpg","src_size":541597,"dest_size":526687,"percent":3,"output":"json","expires":"Sun, 29 Mar 2020 15:00:10 +0200","generator":"reSmush.it rev.2.0.6.20200328"} 
[2020-03-29 12:55:17 : INFO] - Re_Smush_It_Task with attachment ID : 1484, autocreated on : March 29, 2020 12:54:23 
[2020-03-29 12:55:17 : INFO] - 95 
[2020-03-29 12:55:20 : INFO] - Re_Smush_It_Task with attachment ID : 1484, autocreated on : March 29, 2020 12:54:23 
[2020-03-29 12:55:20 : INFO] - 95 
[2020-03-29 12:55:24 : INFO] - Task with ID 3 and type (smush) failed with error code 400 - No file or url provided 
[2020-03-29 12:55:24 : INFO] - Re_Smush_It_Task with attachment ID : 1484, autocreated on : March 29, 2020 12:54:23 
[2020-03-29 12:55:24 : INFO] - 95 
[2020-03-29 12:55:26 : INFO] - Re_Smush_It_Task with attachment ID : 1484, autocreated on : March 29, 2020 12:54:23 
[2020-03-29 12:55:26 : INFO] - 95 
[2020-03-29 12:55:34 : INFO] - Re_Smush_It_Task with attachment ID : 1484, autocreated on : March 29, 2020 12:54:23 
[2020-03-29 12:55:34 : INFO] - 95 
[2020-03-29 12:55:43 : INFO] - Task with ID 3 and type (smush) failed with error code 400 - No file or url provided 
[2020-03-29 12:55:43 : INFO] - Re_Smush_It_Task with attachment ID : 1484, autocreated on : March 29, 2020 12:54:23 
[2020-03-29 12:55:43 : INFO] - 95 
[2020-03-29 12:55:45 : INFO] - Successfully optimized the image - /home/u358015522/domains/amardeepsidhu.com/public_html/personal/wp-content/uploads/2020/03/IMG_20200327_152152-scaled-e1585486512520.jpg.The file was compressed from 528.90 KB to 65.87 KB saving 87.55 percent using WP-Optimize 
[2020-03-29 12:55:45 : INFO] - Completed processing task with ID : 3, and type 'smush' 
[2020-03-29 12:55:45 : INFO] - Set semaphore last lock (smush) time to 2020-03-29 12:55:45 
[2020-03-29 12:55:45 : INFO] - Decremented the semaphore (smush) by 1 
[2020-03-29 12:55:45 : INFO] - Semaphore (smush) unlocked 
[2020-03-29 12:55:45 : INFO] - Successfully processed the queue (smush). 2 tasks were processed out of 2. 
[2020-03-29 12:55:45 : INFO] - Semaphore (smush, wp_2options) was successfully cleaned up 
[2020-03-29 12:55:45 : INFO] - Cleaning up tasks of type (smush). A total of 2 tasks will be deleted. 
[2020-03-29 13:05:00 : INFO] - 
 
[2020-03-29 13:05:00 : INFO] - Header for logs at time:  Sun, 29 Mar 2020 13:05:00 +0000 on http://amardeepsidhu.com/personal 
[2020-03-29 13:05:00 : INFO] - WP: 5.3.2 
[2020-03-29 13:05:00 : INFO] - PHP: 7.2.26 (litespeed, Linux sg-nme-web251.main-hosting.eu 3.10.0-962.3.2.lve1.5.26.5.el7.x86_64 #1 SMP Wed Sep 18 07:37:02 EDT 2019 x86_64) 
[2020-03-29 13:05:00 : INFO] - MySQL: 5.5.5 
[2020-03-29 13:05:00 : INFO] - WPLANG: en_US 
[2020-03-29 13:05:00 : INFO] - Server: LiteSpeed 
[2020-03-29 13:05:00 : INFO] - Outbound connections: N 
[2020-03-29 13:05:00 : INFO] - safe_mode: 0 
[2020-03-29 13:05:00 : INFO] - max_execution_time: 120 
[2020-03-29 13:05:00 : INFO] - memory_limit: 256M (used: 6.5M | 4M) 
[2020-03-29 13:05:00 : INFO] - multisite: N 
[2020-03-29 13:05:00 : INFO] - openssl: OpenSSL 1.0.2k  26 Jan 2017 
[2020-03-29 13:05:00 : INFO] - The queue for tasks of type "smush" is empty. Aborting! 
[2020-05-02 06:47:24 : INFO] - Re_Smush_It_Task with attachment ID : 1582, autocreated on : May 02, 2020 06:47:24 
[2020-05-02 06:53:04 : INFO] - 
 
[2020-05-02 06:53:04 : INFO] - Header for logs at time:  Sat, 02 May 2020 06:53:04 +0000 on http://amardeepsidhu.com/personal 
[2020-05-02 06:53:04 : INFO] - WP: 5.4.1 
[2020-05-02 06:53:04 : INFO] - PHP: 7.2.29 (litespeed, Linux sg-nme-web251.main-hosting.eu 3.10.0-962.3.2.lve1.5.26.5.el7.x86_64 #1 SMP Wed Sep 18 07:37:02 EDT 2019 x86_64) 
[2020-05-02 06:53:04 : INFO] - MySQL: 5.5.5 
[2020-05-02 06:53:04 : INFO] - WPLANG: en_US 
[2020-05-02 06:53:04 : INFO] - Server: LiteSpeed 
[2020-05-02 06:53:04 : INFO] - Outbound connections: N 
[2020-05-02 06:53:04 : INFO] - safe_mode: 0 
[2020-05-02 06:53:04 : INFO] - max_execution_time: 120 
[2020-05-02 06:53:04 : INFO] - memory_limit: 256M (used: 6.7M | 8M) 
[2020-05-02 06:53:04 : INFO] - multisite: N 
[2020-05-02 06:53:04 : INFO] - openssl: OpenSSL 1.0.2k  26 Jan 2017 
[2020-05-02 06:53:04 : INFO] - A total of 1 tasks of type smush found and will be processed in this iteration 
[2020-05-02 06:53:04 : INFO] - Set semaphore last lock (smush) time to 2020-05-02 06:53:04 
[2020-05-02 06:53:04 : INFO] - Semaphore lock (smush) complete 
[2020-05-02 06:53:04 : INFO] - Processing task with ID : 4, and type 'smush' 
[2020-05-02 06:53:04 : INFO] - Re_Smush_It_Task with attachment ID : 1582, autocreated on : May 02, 2020 06:47:24 
[2020-05-02 06:53:04 : INFO] - 95 
[2020-05-02 06:53:15 : INFO] - Task with ID 4 and type (smush) failed with error code invalid_response - The compression apparently succeeded, but WP-Optimize could not retrieve the compressed image from the remote server. 
[2020-05-02 06:53:15 : INFO] - data: {"src":"http:\/\/par4.static.resmush.it\/bd08de87439104e084180a8da0c0129e\/_src_Radio-Download-PNG.png","dest":"http:\/\/par4.static.resmush.it\/bd08de87439104e084180a8da0c0129e\/Radio-Download-PNG.png","src_size":1525515,"dest_size":519105,"percent":66,"output":"json","expires":"Sat, 02 May 2020 08:58:15 +0200","generator":"reSmush.it rev.2.0.6.20200328"} 
[2020-05-02 06:53:15 : INFO] - Re_Smush_It_Task with attachment ID : 1582, autocreated on : May 02, 2020 06:47:24 
[2020-05-02 06:53:15 : INFO] - 95 
[2020-05-02 06:53:17 : INFO] - Re_Smush_It_Task with attachment ID : 1582, autocreated on : May 02, 2020 06:47:24 
[2020-05-02 06:53:17 : INFO] - 95 
[2020-05-02 06:53:31 : INFO] - Re_Smush_It_Task with attachment ID : 1582, autocreated on : May 02, 2020 06:47:24 
[2020-05-02 06:53:31 : INFO] - 95 
[2020-05-02 06:53:33 : INFO] - Re_Smush_It_Task with attachment ID : 1582, autocreated on : May 02, 2020 06:47:24 
[2020-05-02 06:53:33 : INFO] - 95 
[2020-05-02 06:53:55 : INFO] - Re_Smush_It_Task with attachment ID : 1582, autocreated on : May 02, 2020 06:47:24 
[2020-05-02 06:53:55 : INFO] - 95 
[2020-05-02 06:54:08 : INFO] - Re_Smush_It_Task with attachment ID : 1582, autocreated on : May 02, 2020 06:47:24 
[2020-05-02 06:54:08 : INFO] - 95 
[2020-05-02 06:54:15 : INFO] - Successfully optimized the image - /home/u358015522/domains/amardeepsidhu.com/public_html/personal/wp-content/uploads/2020/05/Radio-Download-PNG.png.The file was compressed from 1.45 MB to 1.45 MB saving 0 percent using WP-Optimize 
[2020-05-02 06:54:15 : INFO] - Completed processing task with ID : 4, and type 'smush' 
[2020-05-02 06:54:15 : INFO] - Set semaphore last lock (smush) time to 2020-05-02 06:54:15 
[2020-05-02 06:54:15 : INFO] - Decremented the semaphore (smush) by 1 
[2020-05-02 06:54:15 : INFO] - Semaphore (smush) unlocked 
[2020-05-02 06:54:15 : INFO] - Successfully processed the queue (smush). 1 tasks were processed out of 1. 
[2020-05-02 06:54:15 : INFO] - Semaphore (smush, wp_2options) was successfully cleaned up 
[2020-05-02 06:54:15 : INFO] - Cleaning up tasks of type (smush). A total of 1 tasks will be deleted. 
[2020-05-02 07:04:07 : INFO] - 
 
[2020-05-02 07:04:07 : INFO] - Header for logs at time:  Sat, 02 May 2020 07:04:07 +0000 on https://amardeepsidhu.com/personal 
[2020-05-02 07:04:07 : INFO] - WP: 5.4.1 
[2020-05-02 07:04:07 : INFO] - PHP: 7.2.29 (litespeed, Linux sg-nme-web251.main-hosting.eu 3.10.0-962.3.2.lve1.5.26.5.el7.x86_64 #1 SMP Wed Sep 18 07:37:02 EDT 2019 x86_64) 
[2020-05-02 07:04:07 : INFO] - MySQL: 5.5.5 
[2020-05-02 07:04:07 : INFO] - WPLANG: en_US 
[2020-05-02 07:04:07 : INFO] - Server: LiteSpeed 
[2020-05-02 07:04:07 : INFO] - Outbound connections: N 
[2020-05-02 07:04:07 : INFO] - safe_mode: 0 
[2020-05-02 07:04:07 : INFO] - max_execution_time: 120 
[2020-05-02 07:04:07 : INFO] - memory_limit: 256M (used: 6.6M | 8M) 
[2020-05-02 07:04:07 : INFO] - multisite: N 
[2020-05-02 07:04:07 : INFO] - openssl: OpenSSL 1.0.2k  26 Jan 2017 
[2020-05-02 07:04:07 : INFO] - The queue for tasks of type "smush" is empty. Aborting! 
